#
# A fatal error has been detected by the Java Runtime Environment:
#
#  Internal Error (classFileParser.cpp:3494), pid=1872, tid=7224
#  Error: ShouldNotReachHere()
#
# JRE version: 6.0_29-b11
# Java VM: Java HotSpot(TM) 64-Bit Server VM (20.4-b02 mixed mode windows-amd64 compressed oops)
# If you would like to submit a bug report, please visit:
#   http://java.sun.com/webapps/bugreport/crash.jsp
#

---------------  T H R E A D  ---------------

Current thread (0x00000000005ae000):  JavaThread "Unknown thread" [_thread_in_vm, id=7224, stack(0x00000000021a0000,0x00000000022a0000)]

Stack: [0x00000000021a0000,0x00000000022a0000]
[error occurred during error reporting (printing stack bounds), id 0xc0000005]


---------------  P R O C E S S  ---------------

Java Threads: ( => current thread )

Other Threads:

=>0x00000000005ae000 (exited) JavaThread "Unknown thread" [_thread_in_vm, id=7224, stack(0x00000000021a0000,0x00000000022a0000)]

VM state:not at safepoint (not fully initialized)

VM Mutex/Monitor currently owned by a thread: None

Dynamic libraries:
0x0000000000400000 - 0x000000000042e000 	C:\Program Files\Java\jre6\bin\javaw.exe
0x00007ffb89090000 - 0x00007ffb89239000 	C:\WINDOWS\SYSTEM32\ntdll.dll
0x00007ffb87940000 - 0x00007ffb87a79000 	C:\WINDOWS\system32\KERNEL32.DLL
0x00007ffb86760000 - 0x00007ffb8686e000 	C:\WINDOWS\system32\KERNELBASE.dll
0x00007ffb85040000 - 0x00007ffb850cb000 	C:\WINDOWS\system32\apphelp.dll
0x00007ffb6cc30000 - 0x00007ffb6cc7f000 	C:\WINDOWS\AppPatch\AppPatch64\AcGenral.DLL
0x00007ffb87570000 - 0x00007ffb87617000 	C:\WINDOWS\system32\msvcrt.dll
0x00007ffb861f0000 - 0x00007ffb8621b000 	C:\WINDOWS\SYSTEM32\SspiCli.dll
0x00007ffb87050000 - 0x00007ffb870a1000 	C:\WINDOWS\system32\SHLWAPI.dll
0x00007ffb877c0000 - 0x00007ffb87931000 	C:\WINDOWS\system32\USER32.dll
0x00007ffb870b0000 - 0x00007ffb87226000 	C:\WINDOWS\system32\ole32.dll
0x00007ffb87c80000 - 0x00007ffb89090000 	C:\WINDOWS\system32\SHELL32.dll
0x00007ffb85a20000 - 0x00007ffb85a3f000 	C:\WINDOWS\SYSTEM32\USERENV.dll
0x00007ffb87250000 - 0x00007ffb872f5000 	C:\WINDOWS\system32\ADVAPI32.dll
0x00007ffb7f730000 - 0x00007ffb7f74b000 	C:\WINDOWS\SYSTEM32\MPR.dll
0x00007ffb86e30000 - 0x00007ffb86f66000 	C:\WINDOWS\system32\RPCRT4.dll
0x00007ffb87510000 - 0x00007ffb87567000 	C:\WINDOWS\SYSTEM32\sechost.dll
0x00007ffb86920000 - 0x00007ffb86af7000 	C:\WINDOWS\SYSTEM32\combase.dll
0x00007ffb87300000 - 0x00007ffb87445000 	C:\WINDOWS\system32\GDI32.dll
0x00007ffb86410000 - 0x00007ffb86424000 	C:\WINDOWS\SYSTEM32\profapi.dll
0x00007ffb84d00000 - 0x00007ffb84da1000 	C:\WINDOWS\SYSTEM32\SHCORE.dll
0x00007ffb87010000 - 0x00007ffb87044000 	C:\WINDOWS\system32\IMM32.DLL
0x00007ffb86bd0000 - 0x00007ffb86d08000 	C:\WINDOWS\system32\MSCTF.dll
0x00007ffb80270000 - 0x00007ffb8047a000 	C:\Program Files (x86)\BkavPro\System\Firewall\BkavFirewallEngine64.dll
0x00007ffb86b00000 - 0x00007ffb86b07000 	C:\WINDOWS\system32\PSAPI.DLL
0x00007ffb86b70000 - 0x00007ffb86bc8000 	C:\WINDOWS\system32\WS2_32.dll
0x00007ffb800e0000 - 0x00007ffb80268000 	C:\WINDOWS\SYSTEM32\dbghelp.dll
0x00007ffb800c0000 - 0x00007ffb800ca000 	C:\WINDOWS\SYSTEM32\VERSION.dll
0x00007ffb86dc0000 - 0x00007ffb86dc9000 	C:\WINDOWS\system32\NSI.dll
0x00007ffb86330000 - 0x00007ffb86387000 	C:\WINDOWS\SYSTEM32\Winsta.dll
0x00007ffb85c70000 - 0x00007ffb85cc8000 	C:\WINDOWS\SYSTEM32\mswsock.dll
0x00007ffb800a0000 - 0x00007ffb800a9000 	C:\WINDOWS\SYSTEM32\Wsock32.dll
0x000000006d7f0000 - 0x000000006dfa8000 	C:\Program Files\Java\jre6\bin\server\jvm.dll
0x00007ffb7a6b0000 - 0x00007ffb7a6cf000 	C:\WINDOWS\SYSTEM32\WINMM.dll
0x00007ffb7a680000 - 0x00007ffb7a6aa000 	C:\WINDOWS\SYSTEM32\WINMMBASE.dll
0x00007ffb866c0000 - 0x00007ffb8670a000 	C:\WINDOWS\SYSTEM32\cfgmgr32.dll
0x00007ffb852a0000 - 0x00007ffb852c6000 	C:\WINDOWS\SYSTEM32\DEVOBJ.dll
0x000000006d760000 - 0x000000006d76e000 	C:\Program Files\Java\jre6\bin\verify.dll
0x000000006d3b0000 - 0x000000006d3d7000 	C:\Program Files\Java\jre6\bin\java.dll
0x000000006d7b0000 - 0x000000006d7c2000 	C:\Program Files\Java\jre6\bin\zip.dll

VM Arguments:
jvm_args: -Dfile.encoding=UTF-8 -Xbootclasspath/p:C:\Users\Hung\android-sdks\platforms\android-19\android.jar 
java_command: com.nms.dms.ActivityLogin
Launcher Type: SUN_STANDARD

Environment Variables:
JAVA_HOME=C:\Program Files\Java\jdk1.6.0_29
PATH=C:\Program Files (x86)\Common Files\NetSarang;D:\app\Hung\product\11.2.0\client_1\bin;C:\WINDOWS\system32;C:\WINDOWS;C:\WINDOWS\System32\Wbem;C:\WINDOWS\System32\WindowsPowerShell\v1.0\;C:\Program Files\Java\jdk1.6.0_29\bin;C:\Program Files (x86)\Microsoft SQL Server\110\Tools\Binn\;C:\Program Files\Microsoft SQL Server\110\Tools\Binn\;C:\Program Files\Microsoft SQL Server\110\DTS\Binn\;C:\Program Files (x86)\Microsoft SQL Server\110\Tools\Binn\ManagementStudio\;C:\Program Files (x86)\Microsoft SQL Server\110\DTS\Binn\;C:\Program Files\Microsoft\Web Platform Installer\;C:\Program Files (x86)\Microsoft ASP.NET\ASP.NET Web Pages\v1.0\;C:\Program Files (x86)\Windows Kits\8.0\Windows Performance Toolkit\;C:\axis2-1.4\bin
USERNAME=Hung
OS=Windows_NT
PROCESSOR_IDENTIFIER=Intel64 Family 6 Model 37 Stepping 5, GenuineIntel



---------------  S Y S T E M  ---------------

OS: Windows NT 6.2 Build 9200 

CPU:total 4 (2 cores per cpu, 2 threads per core) family 6 model 37 stepping 5, cmov, cx8, fxsr, mmx, sse, sse2, sse3, ssse3, sse4.1, sse4.2, popcnt, ht

Memory: 4k page, physical 8179364k(4333184k free), swap 16567972k(11769240k free)

vm_info: Java HotSpot(TM) 64-Bit Server VM (20.4-b02) for windows-amd64 JRE (1.6.0_29-b11), built on Oct  3 2011 01:06:42 by "java_re" with MS VC++ 8.0 (VS2005)

time: Thu Apr 17 14:17:05 2014
elapsed time: 0 seconds

